nohup: ignoring input
Initializing Training Process..
Loading './res/sub-01/vqvae_cls_n512_d1024/vqvae_cls_n512_d1024_001000.pt'
Complete.
Loading './res/sub-02/vqvae_cls_n512_d1024/vqvae_cls_n512_d1024_001000.pt'
Complete.
Loading './res/sub-03/vqvae_mel_n512_d1024/vqvae_mel_n512_d1024_001000.pt'
Complete.
Loading './res/sub-04/vqvae_mel_n512_d1024/vqvae_mel_n512_d1024_001000.pt'
Complete.
Loading './res/sub-05/vqvae_mel_n512_d1024/vqvae_mel_n512_d1024_001000.pt'
Complete.
Loading './res/sub-06/vqvae_mel_n512_d1024/vqvae_mel_n512_d1024_001000.pt'
Complete.
Loading './res/sub-07/vqvae_mel_n512_d1024/vqvae_mel_n512_d1024_001000.pt'
Complete.
Loading './res/sub-08/vqvae_mel_n512_d1024/vqvae_mel_n512_d1024_001000.pt'
Complete.
Loading './res/sub-09/vqvae_mel_n512_d1024/vqvae_mel_n512_d1024_001000.pt'
Complete.
Loading './res/sub-10/vqvae_mel_n512_d1024/vqvae_mel_n512_d1024_001000.pt'
Complete.
